<?xml version="1.0" encoding="UTF-8"?>
<!-- Generated by org.testng.reporters.JUnitReportReporter -->
<testsuite hostname="Newt-Pk024" name="Test.MainTest" tests="3" failures="0" timestamp="10 Aug 2016 15:26:54 GMT" time="299.871" errors="0">
  <testcase name="compareTabletPrices" time="102.813" classname="Test.MainTest"/>
  <testcase name="compareTabletPrices" time="98.374" classname="Test.MainTest"/>
  <testcase name="compareTabletPrices" time="98.684" classname="Test.MainTest"/>
</testsuite> <!-- Test.MainTest -->
